<?xml version="1.0" encoding="UTF-8"?>
<coverage generated="1687461051900" clover="3.2.0">
  <project timestamp="1687461051900" name="All files">
    <metrics statements="22" coveredstatements="17" conditionals="20" coveredconditionals="6" methods="10" coveredmethods="8" elements="52" coveredelements="31" complexity="0" loc="22" ncloc="22" packages="1" files="8" classes="8"/>
    <file name="AgeFilter.tsx" path="/Users/a.demir/Desktop/tryi/adesso/src/components/AgeFilter.tsx">
      <metrics statements="1" coveredstatements="1" conditionals="0" coveredconditionals="0" methods="1" coveredmethods="1"/>
      <line num="5" count="1" type="stmt"/>
    </file>
    <file name="CostFilter.tsx" path="/Users/a.demir/Desktop/tryi/adesso/src/components/CostFilter.tsx">
      <metrics statements="1" coveredstatements="1" conditionals="0" coveredconditionals="0" methods="1" coveredmethods="1"/>
      <line num="5" count="1" type="stmt"/>
    </file>
    <file name="FiteredTable.tsx" path="/Users/a.demir/Desktop/tryi/adesso/src/components/FiteredTable.tsx">
      <metrics statements="2" coveredstatements="2" conditionals="10" coveredconditionals="5" methods="1" coveredmethods="1"/>
      <line num="5" count="1" type="stmt"/>
      <line num="6" count="1" type="stmt"/>
    </file>
    <file name="Header.tsx" path="/Users/a.demir/Desktop/tryi/adesso/src/components/Header.tsx">
      <metrics statements="1" coveredstatements="1" conditionals="0" coveredconditionals="0" methods="1" coveredmethods="1"/>
      <line num="6" count="1" type="stmt"/>
    </file>
    <file name="HomePage.tsx" path="/Users/a.demir/Desktop/tryi/adesso/src/components/HomePage.tsx">
      <metrics statements="1" coveredstatements="1" conditionals="0" coveredconditionals="0" methods="1" coveredmethods="1"/>
      <line num="4" count="1" type="stmt"/>
    </file>
    <file name="Units.tsx" path="/Users/a.demir/Desktop/tryi/adesso/src/components/Units.tsx">
      <metrics statements="7" coveredstatements="4" conditionals="6" coveredconditionals="0" methods="2" coveredmethods="1"/>
      <line num="10" count="1" type="stmt"/>
      <line num="11" count="1" type="stmt"/>
      <line num="13" count="1" type="stmt"/>
      <line num="14" count="0" type="cond" truecount="0" falsecount="6"/>
      <line num="15" count="0" type="stmt"/>
      <line num="16" count="0" type="stmt"/>
      <line num="19" count="1" type="stmt"/>
    </file>
    <file name="UnitsDetails.tsx" path="/Users/a.demir/Desktop/tryi/adesso/src/components/UnitsDetails.tsx">
      <metrics statements="8" coveredstatements="6" conditionals="4" coveredconditionals="1" methods="2" coveredmethods="1"/>
      <line num="9" count="1" type="stmt"/>
      <line num="10" count="1" type="stmt"/>
      <line num="11" count="1" type="stmt"/>
      <line num="13" count="1" type="stmt"/>
      <line num="14" count="0" type="cond" truecount="0" falsecount="2"/>
      <line num="17" count="1" type="cond" truecount="1" falsecount="1"/>
      <line num="18" count="1" type="stmt"/>
      <line num="20" count="0" type="stmt"/>
    </file>
    <file name="UnitsTables.tsx" path="/Users/a.demir/Desktop/tryi/adesso/src/components/UnitsTables.tsx">
      <metrics statements="1" coveredstatements="1" conditionals="0" coveredconditionals="0" methods="1" coveredmethods="1"/>
      <line num="5" count="1" type="stmt"/>
    </file>
  </project>
</coverage>
