{"/Users/a.demir/Desktop/tryi/adesso/src/components/AgeFilter.tsx": {"path":"/Users/a.demir/Desktop/tryi/adesso/src/components/AgeFilter.tsx","statementMap":{"0":{"start":{"line":5,"column":2},"end":{"line":7,"column":3}}},"fnMap":{"0":{"name":"AgeFilter","decl":{"start":{"line":4,"column":9},"end":{"line":4,"column":18}},"loc":{"start":{"line":4,"column":21},"end":{"line":8,"column":1}},"line":4}},"branchMap":{},"s":{"0":1},"f":{"0":1},"b":{},"_coverageSchema":"1a1c01bbd47fc00a2c39e90264f33305004495a9","hash":"1cbeae59400df43b50e17883d3bbe32347a2d8e8"}
,"/Users/a.demir/Desktop/tryi/adesso/src/components/CostFilter.tsx": {"path":"/Users/a.demir/Desktop/tryi/adesso/src/components/CostFilter.tsx","statementMap":{"0":{"start":{"line":5,"column":2},"end":{"line":12,"column":4}}},"fnMap":{"0":{"name":"CostFilter","decl":{"start":{"line":3,"column":9},"end":{"line":3,"column":19}},"loc":{"start":{"line":3,"column":22},"end":{"line":13,"column":1}},"line":3}},"branchMap":{},"s":{"0":1},"f":{"0":1},"b":{},"_coverageSchema":"1a1c01bbd47fc00a2c39e90264f33305004495a9","hash":"9dd1438dfd6a7bb3bbc39fa480d9d9a504fcc08b"}
,"/Users/a.demir/Desktop/tryi/adesso/src/components/FiteredTable.tsx": {"path":"/Users/a.demir/Desktop/tryi/adesso/src/components/FiteredTable.tsx","statementMap":{"0":{"start":{"line":5,"column":19},"end":{"line":5,"column":35}},"1":{"start":{"line":6,"column":2},"end":{"line":62,"column":4}}},"fnMap":{"0":{"name":"FiteredTable","decl":{"start":{"line":4,"column":9},"end":{"line":4,"column":21}},"loc":{"start":{"line":4,"column":24},"end":{"line":63,"column":1}},"line":4}},"branchMap":{"0":{"loc":{"start":{"line":10,"column":38},"end":{"line":10,"column":75}},"type":"cond-expr","locations":[{"start":{"line":10,"column":57},"end":{"line":10,"column":70}},{"start":{"line":10,"column":73},"end":{"line":10,"column":75}}],"line":10},"1":{"loc":{"start":{"line":19,"column":38},"end":{"line":19,"column":76}},"type":"cond-expr","locations":[{"start":{"line":19,"column":58},"end":{"line":19,"column":71}},{"start":{"line":19,"column":74},"end":{"line":19,"column":76}}],"line":19},"2":{"loc":{"start":{"line":29,"column":12},"end":{"line":29,"column":52}},"type":"cond-expr","locations":[{"start":{"line":29,"column":34},"end":{"line":29,"column":47}},{"start":{"line":29,"column":50},"end":{"line":29,"column":52}}],"line":29},"3":{"loc":{"start":{"line":40,"column":12},"end":{"line":40,"column":52}},"type":"cond-expr","locations":[{"start":{"line":40,"column":34},"end":{"line":40,"column":47}},{"start":{"line":40,"column":50},"end":{"line":40,"column":52}}],"line":40},"4":{"loc":{"start":{"line":51,"column":12},"end":{"line":51,"column":54}},"type":"cond-expr","locations":[{"start":{"line":51,"column":36},"end":{"line":51,"column":49}},{"start":{"line":51,"column":52},"end":{"line":51,"column":54}}],"line":51}},"s":{"0":1,"1":1},"f":{"0":1},"b":{"0":[1,0],"1":[0,1],"2":[0,1],"3":[0,1],"4":[0,1]},"_coverageSchema":"1a1c01bbd47fc00a2c39e90264f33305004495a9","hash":"0855eb4e7880965548999183053de5a0ed3d5a84"}
,"/Users/a.demir/Desktop/tryi/adesso/src/components/Header.tsx": {"path":"/Users/a.demir/Desktop/tryi/adesso/src/components/Header.tsx","statementMap":{"0":{"start":{"line":6,"column":2},"end":{"line":41,"column":4}}},"fnMap":{"0":{"name":"Header","decl":{"start":{"line":5,"column":9},"end":{"line":5,"column":15}},"loc":{"start":{"line":5,"column":40},"end":{"line":42,"column":1}},"line":5}},"branchMap":{},"s":{"0":1},"f":{"0":1},"b":{},"_coverageSchema":"1a1c01bbd47fc00a2c39e90264f33305004495a9","hash":"ce26c9437de5b0d3dc12566f17b788c1904e624b"}
,"/Users/a.demir/Desktop/tryi/adesso/src/components/HomePage.tsx": {"path":"/Users/a.demir/Desktop/tryi/adesso/src/components/HomePage.tsx","statementMap":{"0":{"start":{"line":4,"column":2},"end":{"line":11,"column":4}}},"fnMap":{"0":{"name":"HomePage","decl":{"start":{"line":3,"column":9},"end":{"line":3,"column":17}},"loc":{"start":{"line":3,"column":20},"end":{"line":12,"column":1}},"line":3}},"branchMap":{},"s":{"0":1},"f":{"0":1},"b":{},"_coverageSchema":"1a1c01bbd47fc00a2c39e90264f33305004495a9","hash":"1960831c1fd5da55c942ad0325881055cdfc8fca"}
,"/Users/a.demir/Desktop/tryi/adesso/src/components/Units.tsx": {"path":"/Users/a.demir/Desktop/tryi/adesso/src/components/Units.tsx","statementMap":{"0":{"start":{"line":10,"column":14},"end":{"line":10,"column":30}},"1":{"start":{"line":11,"column":53},"end":{"line":11,"column":70}},"2":{"start":{"line":13,"column":2},"end":{"line":18,"column":34}},"3":{"start":{"line":14,"column":4},"end":{"line":17,"column":5}},"4":{"start":{"line":15,"column":6},"end":{"line":15,"column":40}},"5":{"start":{"line":16,"column":6},"end":{"line":16,"column":37}},"6":{"start":{"line":19,"column":2},"end":{"line":28,"column":4}}},"fnMap":{"0":{"name":"Units","decl":{"start":{"line":9,"column":9},"end":{"line":9,"column":14}},"loc":{"start":{"line":9,"column":17},"end":{"line":29,"column":1}},"line":9},"1":{"name":"(anonymous_1)","decl":{"start":{"line":13,"column":18},"end":{"line":13,"column":19}},"loc":{"start":{"line":13,"column":24},"end":{"line":18,"column":3}},"line":13}},"branchMap":{"0":{"loc":{"start":{"line":14,"column":4},"end":{"line":17,"column":5}},"type":"if","locations":[{"start":{"line":14,"column":4},"end":{"line":17,"column":5}},{"start":{},"end":{}}],"line":14},"1":{"loc":{"start":{"line":14,"column":8},"end":{"line":14,"column":72}},"type":"binary-expr","locations":[{"start":{"line":14,"column":8},"end":{"line":14,"column":20}},{"start":{"line":14,"column":24},"end":{"line":14,"column":36}},{"start":{"line":14,"column":40},"end":{"line":14,"column":52}},{"start":{"line":14,"column":56},"end":{"line":14,"column":72}}],"line":14}},"s":{"0":1,"1":1,"2":1,"3":0,"4":0,"5":0,"6":1},"f":{"0":1,"1":0},"b":{"0":[0,0],"1":[0,0,0,0]},"_coverageSchema":"1a1c01bbd47fc00a2c39e90264f33305004495a9","hash":"f490c735e7977587afa175f86367997f2f2e5aac"}
,"/Users/a.demir/Desktop/tryi/adesso/src/components/UnitsDetails.tsx": {"path":"/Users/a.demir/Desktop/tryi/adesso/src/components/UnitsDetails.tsx","statementMap":{"0":{"start":{"line":9,"column":20},"end":{"line":9,"column":31}},"1":{"start":{"line":10,"column":14},"end":{"line":10,"column":30}},"2":{"start":{"line":11,"column":21},"end":{"line":11,"column":31}},"3":{"start":{"line":13,"column":2},"end":{"line":15,"column":17}},"4":{"start":{"line":14,"column":4},"end":{"line":14,"column":62}},"5":{"start":{"line":14,"column":32},"end":{"line":14,"column":62}},"6":{"start":{"line":17,"column":2},"end":{"line":102,"column":6}},"7":{"start":{"line":18,"column":4},"end":{"line":18,"column":30}},"8":{"start":{"line":20,"column":4},"end":{"line":102,"column":6}}},"fnMap":{"0":{"name":"UnitsDetails","decl":{"start":{"line":8,"column":9},"end":{"line":8,"column":21}},"loc":{"start":{"line":8,"column":24},"end":{"line":103,"column":1}},"line":8},"1":{"name":"(anonymous_1)","decl":{"start":{"line":13,"column":12},"end":{"line":13,"column":13}},"loc":{"start":{"line":13,"column":18},"end":{"line":15,"column":3}},"line":13}},"branchMap":{"0":{"loc":{"start":{"line":14,"column":4},"end":{"line":14,"column":62}},"type":"if","locations":[{"start":{"line":14,"column":4},"end":{"line":14,"column":62}},{"start":{},"end":{}}],"line":14},"1":{"loc":{"start":{"line":17,"column":2},"end":{"line":102,"column":6}},"type":"if","locations":[{"start":{"line":17,"column":2},"end":{"line":102,"column":6}},{"start":{"line":20,"column":4},"end":{"line":102,"column":6}}],"line":17}},"s":{"0":1,"1":1,"2":1,"3":1,"4":0,"5":0,"6":1,"7":1,"8":0},"f":{"0":1,"1":0},"b":{"0":[0,0],"1":[1,0]},"_coverageSchema":"1a1c01bbd47fc00a2c39e90264f33305004495a9","hash":"9cddf4756a3d9fb2a51a7ceb9f7ce45235dbf096"}
,"/Users/a.demir/Desktop/tryi/adesso/src/components/UnitsTables.tsx": {"path":"/Users/a.demir/Desktop/tryi/adesso/src/components/UnitsTables.tsx","statementMap":{"0":{"start":{"line":5,"column":2},"end":{"line":7,"column":3}}},"fnMap":{"0":{"name":"UnitsTables","decl":{"start":{"line":4,"column":9},"end":{"line":4,"column":20}},"loc":{"start":{"line":4,"column":23},"end":{"line":8,"column":1}},"line":4}},"branchMap":{},"s":{"0":1},"f":{"0":1},"b":{},"_coverageSchema":"1a1c01bbd47fc00a2c39e90264f33305004495a9","hash":"b988c0f1aa2746123f6a1f5b910cbd71f0298e27"}
}
