TN:
SF:src/components/AgeFilter.tsx
FN:4,AgeFilter
FNF:1
FNH:1
FNDA:1,AgeFilter
DA:5,1
LF:1
LH:1
BRF:0
BRH:0
end_of_record
TN:
SF:src/components/CostFilter.tsx
FN:3,CostFilter
FNF:1
FNH:1
FNDA:1,CostFilter
DA:5,1
LF:1
LH:1
BRF:0
BRH:0
end_of_record
TN:
SF:src/components/FiteredTable.tsx
FN:4,FiteredTable
FNF:1
FNH:1
FNDA:1,FiteredTable
DA:5,1
DA:6,1
LF:2
LH:2
BRDA:10,0,0,1
BRDA:10,0,1,0
BRDA:19,1,0,0
BRDA:19,1,1,1
BRDA:29,2,0,0
BRDA:29,2,1,1
BRDA:40,3,0,0
BRDA:40,3,1,1
BRDA:51,4,0,0
BRDA:51,4,1,1
BRF:10
BRH:5
end_of_record
TN:
SF:src/components/Header.tsx
FN:5,Header
FNF:1
FNH:1
FNDA:1,Header
DA:6,1
LF:1
LH:1
BRF:0
BRH:0
end_of_record
TN:
SF:src/components/HomePage.tsx
FN:3,HomePage
FNF:1
FNH:1
FNDA:1,HomePage
DA:4,1
LF:1
LH:1
BRF:0
BRH:0
end_of_record
TN:
SF:src/components/Units.tsx
FN:9,Units
FN:13,(anonymous_1)
FNF:2
FNH:1
FNDA:1,Units
FNDA:0,(anonymous_1)
DA:10,1
DA:11,1
DA:13,1
DA:14,0
DA:15,0
DA:16,0
DA:19,1
LF:7
LH:4
BRDA:14,0,0,0
BRDA:14,0,1,0
BRDA:14,1,0,0
BRDA:14,1,1,0
BRDA:14,1,2,0
BRDA:14,1,3,0
BRF:6
BRH:0
end_of_record
TN:
SF:src/components/UnitsDetails.tsx
FN:8,UnitsDetails
FN:13,(anonymous_1)
FNF:2
FNH:1
FNDA:1,UnitsDetails
FNDA:0,(anonymous_1)
DA:9,1
DA:10,1
DA:11,1
DA:13,1
DA:14,0
DA:17,1
DA:18,1
DA:20,0
LF:8
LH:6
BRDA:14,0,0,0
BRDA:14,0,1,0
BRDA:17,1,0,1
BRDA:17,1,1,0
BRF:4
BRH:1
end_of_record
TN:
SF:src/components/UnitsTables.tsx
FN:4,UnitsTables
FNF:1
FNH:1
FNDA:1,UnitsTables
DA:5,1
LF:1
LH:1
BRF:0
BRH:0
end_of_record
